0 info it worked if it ends with ok
1 verbose cli [ '/home/loic/.nvm/v0.8.28/bin/node',
1 verbose cli   '/home/loic/.nvm/v0.8.28/bin/npm',
1 verbose cli   'install',
1 verbose cli   '-g',
1 verbose cli   'how-to-markdown' ]
2 info using npm@1.2.30
3 info using node@v0.8.28
4 verbose read json /home/loic/.nvm/v0.8.28/lib/package.json
5 verbose read json /home/loic/.nvm/v0.8.28/lib/package.json
6 verbose cache add [ 'how-to-markdown', null ]
7 verbose cache add name=undefined spec="how-to-markdown" args=["how-to-markdown",null]
8 verbose parsed url { pathname: 'how-to-markdown',
8 verbose parsed url   path: 'how-to-markdown',
8 verbose parsed url   href: 'how-to-markdown' }
9 silly lockFile 3f22ff3c-how-to-markdown how-to-markdown
10 verbose lock how-to-markdown /home/loic/.npm/3f22ff3c-how-to-markdown.lock
11 silly lockFile 3f22ff3c-how-to-markdown how-to-markdown
12 silly lockFile 3f22ff3c-how-to-markdown how-to-markdown
13 verbose addNamed [ 'how-to-markdown', '' ]
14 verbose addNamed [ null, '' ]
15 silly lockFile 9e49811e-how-to-markdown how-to-markdown@
16 verbose lock how-to-markdown@ /home/loic/.npm/9e49811e-how-to-markdown.lock
17 silly addNameRange { name: 'how-to-markdown', range: '', hasData: false }
18 verbose url raw how-to-markdown
19 verbose url resolving [ 'https://registry.npmjs.org/', './how-to-markdown' ]
20 verbose url resolved https://registry.npmjs.org/how-to-markdown
21 info trying registry request attempt 1 at 13:45:18
22 http GET https://registry.npmjs.org/how-to-markdown
23 info retry will retry, error on last attempt: Error: 125911243370624:error:1407742E:SSL routines:SSL23_GET_SERVER_HELLO:tlsv1 alert protocol version:../deps/openssl/openssl/ssl/s23_clnt.c:658:
24 info trying registry request attempt 2 at 13:45:28
25 http GET https://registry.npmjs.org/how-to-markdown
26 info retry will retry, error on last attempt: Error: 125911243370624:error:1407742E:SSL routines:SSL23_GET_SERVER_HELLO:tlsv1 alert protocol version:../deps/openssl/openssl/ssl/s23_clnt.c:658:
27 info trying registry request attempt 3 at 13:46:28
28 http GET https://registry.npmjs.org/how-to-markdown
29 silly lockFile 9e49811e-how-to-markdown how-to-markdown@
30 silly lockFile 9e49811e-how-to-markdown how-to-markdown@
31 error Error: 125911243370624:error:1407742E:SSL routines:SSL23_GET_SERVER_HELLO:tlsv1 alert protocol version:../deps/openssl/openssl/ssl/s23_clnt.c:658:
31 error
31 error     at CleartextStream._puller (tls.js:670:24)
31 error     at CleartextStream.CryptoStream._pull (tls.js:604:19)
31 error     at SecurePair.cycle (tls.js:894:20)
31 error     at EncryptedStream.CryptoStream.write (tls.js:285:13)
31 error     at Socket.ondata (stream.js:38:26)
31 error     at Socket.EventEmitter.emit (events.js:96:17)
31 error     at TCP.onread (net.js:397:14)
32 error If you need help, you may report this log at:
32 error     <http://github.com/isaacs/npm/issues>
32 error or email it to:
32 error     <npm-@googlegroups.com>
33 error System Linux 6.8.0-55-generic
34 error command "/home/loic/.nvm/v0.8.28/bin/node" "/home/loic/.nvm/v0.8.28/bin/npm" "install" "-g" "how-to-markdown"
35 error cwd /home/loic/MarkDown
36 error node -v v0.8.28
37 error npm -v 1.2.30
38 verbose exit [ 1, true ]
